2016-07-07 13:07:04,319 [FileSystemWatcher: files=#74 cl=java.net.URLClassLoader@6a6252c1] ERROR StackTrace  - Full Stack Trace:
java.lang.NullPointerException: Cannot get property 'instanceControllerTagLibraryApi' on null object
	at org.codehaus.groovy.runtime.NullObject.getProperty(NullObject.java:60)
	at org.codehaus.groovy.runtime.InvokerHelper.getProperty(InvokerHelper.java:172)
	at org.codehaus.groovy.runtime.callsite.NullCallSite.getProperty(NullCallSite.java:47)
	at org.codehaus.groovy.runtime.callsite.AbstractCallSite.callGetProperty(AbstractCallSite.java:296)
	at org.codehaus.groovy.grails.plugins.web.GroovyPagesGrailsPlugin$_closure5.doCall(GroovyPagesGrailsPlugin.groovy:353)
	at sun.reflect.NativeMethodAccessorImpl.invoke0(Native Method)
	at sun.reflect.NativeMethodAccessorImpl.invoke(NativeMethodAccessorImpl.java:57)
	at sun.reflect.DelegatingMethodAccessorImpl.invoke(DelegatingMethodAccessorImpl.java:43)
	at java.lang.reflect.Method.invoke(Method.java:606)
	at org.springsource.loaded.ri.ReflectiveInterceptor.jlrMethodInvoke(ReflectiveInterceptor.java:1432)
	at org.codehaus.groovy.reflection.CachedMethod.invoke(CachedMethod.java:93)
	at groovy.lang.MetaMethod.doMethodInvoke(MetaMethod.java:325)
	at groovy.lang.MetaClassImpl.invokeMethod(MetaClassImpl.java:1210)
	at groovy.lang.ExpandoMetaClass.invokeMethod(ExpandoMetaClass.java:1123)
	at groovy.lang.MetaClassImpl.invokeMethod(MetaClassImpl.java:1019)
	at groovy.lang.Closure.call(Closure.java:426)
	at org.codehaus.groovy.grails.plugins.DefaultGrailsPlugin.invokeOnChangeListener(DefaultGrailsPlugin.java:767)
	at org.codehaus.groovy.grails.plugins.DefaultGrailsPlugin.notifyOfEvent(DefaultGrailsPlugin.java:716)
	at org.codehaus.groovy.grails.plugins.DefaultGrailsPluginManager.informObservers(DefaultGrailsPluginManager.java:242)
	at org.codehaus.groovy.grails.plugins.DefaultGrailsPlugin.notifyOfEvent(DefaultGrailsPlugin.java:732)
	at org.codehaus.groovy.grails.plugins.AbstractGrailsPluginManager.informOfClassChange(AbstractGrailsPluginManager.java:408)
	at org.codehaus.groovy.grails.project.compiler.GrailsProjectWatcher$2.run(GrailsProjectWatcher.java:246)
	at org.codehaus.groovy.grails.project.compiler.GrailsProjectWatcher.firePendingClassChangeEvents(GrailsProjectWatcher.java:107)
	at org.codehaus.groovy.grails.cli.agent.GrailsPluginManagerReloadPlugin.reloadEvent(GrailsPluginManagerReloadPlugin.java:42)
	at org.springsource.loaded.TypeRegistry.fireReloadEvent(TypeRegistry.java:2021)
	at org.springsource.loaded.ReloadableType.loadNewVersion(ReloadableType.java:444)
	at org.springsource.loaded.TypeRegistry.loadNewVersion(TypeRegistry.java:1013)
	at org.springsource.loaded.agent.ReloadableFileChangeListener.fileChanged(ReloadableFileChangeListener.java:104)
	at org.springsource.loaded.agent.Watcher.determineChangesSince(FileSystemWatcher.java:251)
	at org.springsource.loaded.agent.Watcher.run(FileSystemWatcher.java:235)
	at java.lang.Thread.run(Thread.java:745)
2016-07-07 13:07:04,321 [FileSystemWatcher: files=#74 cl=java.net.URLClassLoader@6a6252c1] ERROR StackTrace  - Full Stack Trace:
java.lang.NullPointerException: Cannot get property 'instanceControllerTagLibraryApi' on null object
	at java.lang.Thread.run(Thread.java:745)
2016-07-07 13:07:04,321 [FileSystemWatcher: files=#74 cl=java.net.URLClassLoader@6a6252c1] ERROR StackTrace  - Full Stack Trace:
java.lang.NullPointerException: Cannot get property 'instanceControllerTagLibraryApi' on null object
	at java.lang.Thread.run(Thread.java:745)
2016-07-07 13:07:04,321 [FileSystemWatcher: files=#74 cl=java.net.URLClassLoader@6a6252c1] ERROR StackTrace  - Full Stack Trace:
java.lang.NullPointerException: Cannot get property 'instanceControllerTagLibraryApi' on null object
	at java.lang.Thread.run(Thread.java:745)
